<?xml version="1.0" encoding="UTF-8"?>
<!-- Generated by org.testng.reporters.JUnitXMLReporter -->
<testsuite ignored="0" hostname="LTIN193891" failures="0" tests="8" name="Smoke Test" time="56.109" errors="0" timestamp="2024-03-06T20:10:58 IST">
  <testcase classname="Smoke.SmokeTest" name="countrydetails" time="9.357"/>
  <testcase classname="Smoke.SmokeTest" name="tripdates" time="7.581"/>
  <testcase classname="Smoke.SmokeTest" name="travellerage" time="9.893"/>
  <testcase classname="Smoke.SmokeTest" name="medicaldetails" time="1.579"/>
  <testcase classname="Smoke.SmokeTest" name="homePage" time="3.619"/>
  <testcase classname="Smoke.SmokeTest" name="carinsurancepage" time="10.377"/>
  <testcase classname="Smoke.SmokeTest" name="navigateHomePage" time="2.096"/>
  <testcase classname="Smoke.SmokeTest" name="clickproduct" time="0.204"/>
</testsuite> <!-- Smoke Test -->
