<?xml version="1.0" encoding="UTF-8"?>
<!-- Generated by org.testng.reporters.JUnitXMLReporter -->
<testsuite ignored="4" hostname="LTIN194972" failures="0" tests="20" name="Testing" time="160.92" errors="0" timestamp="2024-03-07T16:12:29 IST">
  <testcase classname="TestCases.TC1_travelInsurance" name="countrydetails" time="7.523"/>
  <testcase classname="TestCases.TC1_travelInsurance" name="tripdates" time="7.132"/>
  <testcase classname="TestCases.TC1_travelInsurance" name="travellerage" time="9.816"/>
  <testcase classname="TestCases.TC1_travelInsurance" name="medicaldetails" time="0.535"/>
  <testcase classname="TestCases.TC1_travelInsurance" name="Enteringphone" time="1.751"/>
  <testcase classname="TestCases.TC1_travelInsurance" name="plantype" time="4.87"/>
  <testcase classname="TestCases.TC1_travelInsurance" name="studentinfo" time="5.135"/>
  <testcase classname="TestCases.TC1_travelInsurance" name="tripduration" time="0.435"/>
  <testcase classname="TestCases.TC1_travelInsurance" name="addingfilter" time="4.548"/>
  <testcase classname="TestCases.TC1_travelInsurance" name="InsurancePlans" time="2.374"/>
  <testcase classname="TestCases.TC2_CarInsurance" name="homePage" time="3.303"/>
  <testcase classname="TestCases.TC2_CarInsurance" name="carinsurancepage" time="9.681"/>
  <testcase classname="TestCases.TC2_CarInsurance" name="cityandrto" time="4.245"/>
  <testcase classname="TestCases.TC2_CarInsurance" name="carbrand" time="4.312"/>
  <testcase classname="TestCases.TC2_CarInsurance" name="varient" time="6.374"/>
  <testcase classname="TestCases.TC2_CarInsurance" name="gettingquotes" time="23.271"/>
  <testcase classname="TestCases.TC2_CarInsurance" name="errorMessage" time="39.121"/>
  <testcase classname="TestCases.TC3_HealthInsurance" name="navigateHomePage" time="2.595"/>
  <testcase classname="TestCases.TC3_HealthInsurance" name="clickproduct" time="0.121"/>
  <testcase classname="TestCases.TC3_HealthInsurance" name="displayinsurancelist" time="1.047"/>
  <testcase classname="TestCases.Baseclass" name="@BeforeTest setup" time="0.0">
    <ignored/>
  </testcase> <!-- @BeforeTest setup -->
  <testcase classname="TestCases.Baseclass" name="@BeforeTest setup" time="0.0">
    <ignored/>
  </testcase> <!-- @BeforeTest setup -->
  <testcase classname="TestCases.Baseclass" name="@AfterTest pageclose" time="0.0">
    <ignored/>
  </testcase> <!-- @AfterTest pageclose -->
  <testcase classname="TestCases.Baseclass" name="@AfterTest pageclose" time="0.0">
    <ignored/>
  </testcase> <!-- @AfterTest pageclose -->
</testsuite> <!-- Testing -->
